<?xml version="1.0" encoding="UTF-8"?>
<!-- Generated by org.testng.reporters.JUnitReportReporter -->
<testsuite skipped="0" hostname="LAPTOP-KOAKE35K" name="CreatePrandVerifyWRT" tests="1" failures="0" timestamp="2022-08-11T11:59:37 IST" time="1.630" errors="0">
  <testcase name="createDataAndVerify" time="1.630" classname="CreatePrandVerifyWRT"/>
  <system-out/>
</testsuite> <!-- CreatePrandVerifyWRT -->
