<?xml version="1.0" encoding="UTF-8"?>
<!-- Generated by org.testng.reporters.JUnitReportReporter -->
<testsuite skipped="0" hostname="LAPTOP-KOAKE35K" name="differentWaysToPostRequest.WithHashmap" tests="1" failures="0" timestamp="2022-08-09T12:28:43 IST" time="1.504" errors="0">
  <testcase name="createProjectWithHashMap" time="1.504" classname="differentWaysToPostRequest.WithHashmap"/>
  <system-out/>
</testsuite> <!-- differentWaysToPostRequest.WithHashmap -->
