<?xml version="1.0" encoding="UTF-8"?>
<!-- Generated by org.testng.reporters.JUnitReportReporter -->
<testsuite skipped="0" hostname="LAPTOP-KOAKE35K" name="basicCURDoperation.PutEmployee" tests="1" failures="0" timestamp="2022-08-08T13:06:37 IST" time="1.271" errors="0">
  <testcase name="updateEmp" time="1.271" classname="basicCURDoperation.PutEmployee"/>
  <system-out/>
</testsuite> <!-- basicCURDoperation.PutEmployee -->
