<?xml version="1.0" encoding="UTF-8"?>
<!-- Generated by org.testng.reporters.JUnitReportReporter -->
<testsuite skipped="0" hostname="LAPTOP-KOAKE35K" name="basicCURDoperation.CreateProjectTest" tests="1" failures="0" timestamp="2022-08-09T21:43:03 IST" time="1.417" errors="0">
  <testcase name="createProject" time="1.417" classname="basicCURDoperation.CreateProjectTest"/>
  <system-out/>
</testsuite> <!-- basicCURDoperation.CreateProjectTest -->
