<?xml version="1.0" encoding="UTF-8"?>
<!-- Generated by org.testng.reporters.JUnitReportReporter -->
<testsuite skipped="0" hostname="LAPTOP-KOAKE35K" name="createMultipleProjectusingDataprovider.MulipleProjectByDataProvider" tests="2" failures="0" timestamp="2022-08-09T23:55:43 IST" time="1.327" errors="0">
  <testcase name="multipleProject" time="0.023" classname="createMultipleProjectusingDataprovider.MulipleProjectByDataProvider"/>
  <system-out/>
  <testcase name="multipleProject" time="1.304" classname="createMultipleProjectusingDataprovider.MulipleProjectByDataProvider"/>
  <system-out/>
</testsuite> <!-- createMultipleProjectusingDataprovider.MulipleProjectByDataProvider -->
