<?xml version="1.0" encoding="UTF-8"?>
<!-- Generated by org.testng.reporters.JUnitReportReporter -->
<testsuite skipped="0" hostname="LAPTOP-KOAKE35K" name="BasicOperationusingBDD.Post" tests="1" failures="0" timestamp="2022-08-09T10:18:19 IST" time="1.679" errors="0">
  <testcase name="post" time="1.679" classname="BasicOperationusingBDD.Post"/>
  <system-out/>
</testsuite> <!-- BasicOperationusingBDD.Post -->
