<?xml version="1.0" encoding="UTF-8"?>
<!-- Generated by org.testng.reporters.JUnitReportReporter -->
<testsuite skipped="0" hostname="LAPTOP-KOAKE35K" name="SerializationAndDeserialization.DeserialisationOfArray" tests="1" failures="0" timestamp="2022-07-29T09:58:01 IST" time="0.128" errors="0">
  <testcase name="desrialise" time="0.128" classname="SerializationAndDeserialization.DeserialisationOfArray"/>
  <system-out/>
</testsuite> <!-- SerializationAndDeserialization.DeserialisationOfArray -->
