<?xml version="1.0" encoding="UTF-8"?>
<!-- Generated by org.testng.reporters.JUnitReportReporter -->
<testsuite skipped="0" hostname="LAPTOP-KOAKE35K" name="basicCURDoperation.PostRequest" tests="1" failures="0" timestamp="2022-08-08T10:09:20 IST" time="1.470" errors="0">
  <testcase name="addPro" time="1.470" classname="basicCURDoperation.PostRequest"/>
  <system-out/>
</testsuite> <!-- basicCURDoperation.PostRequest -->
