<?xml version="1.0" encoding="UTF-8"?>
<!-- Generated by org.testng.reporters.JUnitReportReporter -->
<testsuite skipped="0" hostname="LAPTOP-KOAKE35K" name="DifferentAuthentication.BasicAuth" tests="1" failures="0" timestamp="2022-08-10T13:21:23 IST" time="1.225" errors="0">
  <testcase name="basicAuth" time="1.225" classname="DifferentAuthentication.BasicAuth"/>
  <system-out/>
</testsuite> <!-- DifferentAuthentication.BasicAuth -->
