<?xml version="1.0" encoding="UTF-8"?>
<!-- Generated by org.testng.reporters.JUnitReportReporter -->
<testsuite skipped="0" hostname="LAPTOP-KOAKE35K" name="Differentparametrs.QueryParameter" tests="1" failures="0" timestamp="2022-08-10T12:07:14 IST" time="6.309" errors="0">
  <testcase name="queryPara" time="6.309" classname="Differentparametrs.QueryParameter"/>
  <system-out/>
</testsuite> <!-- Differentparametrs.QueryParameter -->
