<?xml version="1.0" encoding="UTF-8"?>
<!-- Generated by org.testng.reporters.JUnitReportReporter -->
<testsuite skipped="0" hostname="LAPTOP-KOAKE35K" name="basicCURDoperation.EmpPost" tests="1" failures="0" timestamp="2022-08-08T14:37:51 IST" time="1.467" errors="0">
  <testcase name="createEmp" time="1.467" classname="basicCURDoperation.EmpPost"/>
  <system-out/>
</testsuite> <!-- basicCURDoperation.EmpPost -->
