<?xml version="1.0" encoding="UTF-8"?>
<!-- Generated by org.testng.reporters.JUnitReportReporter -->
<testsuite skipped="0" hostname="LAPTOP-KOAKE35K" name="DifferentTypesOfValidation.StaticValidation" tests="1" failures="0" timestamp="2022-08-09T21:49:43 IST" time="1.776" errors="0">
  <testcase name="staticValidation" time="1.776" classname="DifferentTypesOfValidation.StaticValidation"/>
  <system-out/>
</testsuite> <!-- DifferentTypesOfValidation.StaticValidation -->
