<?xml version="1.0" encoding="UTF-8"?>
<!-- Generated by org.testng.reporters.JUnitReportReporter -->
<testsuite skipped="0" hostname="LAPTOP-KOAKE35K" name="RequestChainning.Post_get_delete" tests="1" failures="0" timestamp="2022-08-10T13:24:03 IST" time="1.715" errors="0">
  <testcase name="requestChaining" time="1.715" classname="RequestChainning.Post_get_delete"/>
  <system-out/>
</testsuite> <!-- RequestChainning.Post_get_delete -->
