<?xml version="1.0" encoding="UTF-8"?>
<!-- Generated by org.testng.reporters.JUnitReportReporter -->
<testsuite skipped="0" hostname="LAPTOP-KOAKE35K" name="SerializationAndDeserialization.SeriallizationForArray" tests="1" failures="0" timestamp="2022-07-28T16:34:00 IST" time="0.130" errors="0">
  <testcase name="ArrayEmp" time="0.130" classname="SerializationAndDeserialization.SeriallizationForArray"/>
  <system-out/>
</testsuite> <!-- SerializationAndDeserialization.SeriallizationForArray -->
