<?xml version="1.0" encoding="UTF-8"?>
<!-- Generated by org.testng.reporters.JUnitReportReporter -->
<testsuite skipped="0" hostname="LAPTOP-KOAKE35K" name="basicCURDoperation.GetProject" tests="1" failures="0" timestamp="2022-08-09T22:31:50 IST" time="1.830" errors="0">
  <testcase name="get" time="1.830" classname="basicCURDoperation.GetProject"/>
  <system-out/>
</testsuite> <!-- basicCURDoperation.GetProject -->
