<?xml version="1.0" encoding="UTF-8"?>
<!-- Generated by org.testng.reporters.JUnitReportReporter -->
<testsuite skipped="0" hostname="LAPTOP-KOAKE35K" name="BasicOperationusingBDD.Put" tests="1" failures="0" timestamp="2022-08-09T12:27:41 IST" time="1.447" errors="0">
  <testcase name="update" time="1.447" classname="BasicOperationusingBDD.Put"/>
  <system-out/>
</testsuite> <!-- BasicOperationusingBDD.Put -->
