<?xml version="1.0" encoding="UTF-8"?>
<!-- Generated by org.testng.reporters.JUnitReportReporter -->
<testsuite skipped="0" hostname="LAPTOP-KOAKE35K" name="DifferentAuthentication.Auth2_0" tests="1" failures="0" timestamp="2022-08-10T16:26:43 IST" time="2.854" errors="0">
  <testcase name="auth2_0" time="2.854" classname="DifferentAuthentication.Auth2_0"/>
  <system-out/>
</testsuite> <!-- DifferentAuthentication.Auth2_0 -->
