<?xml version="1.0" encoding="UTF-8"?>
<!-- Generated by org.testng.reporters.JUnitReportReporter -->
<testsuite skipped="0" hostname="LAPTOP-KOAKE35K" name="DifferentAuthentication.BarearToken" tests="1" failures="0" timestamp="2022-08-10T17:03:37 IST" time="2.272" errors="0">
  <testcase name="brearToken" time="2.272" classname="DifferentAuthentication.BarearToken"/>
  <system-out/>
</testsuite> <!-- DifferentAuthentication.BarearToken -->
