<?xml version="1.0" encoding="UTF-8"?>
<!-- Generated by org.testng.reporters.JUnitReportReporter -->
<testsuite skipped="0" hostname="LAPTOP-KOAKE35K" name="SerializationAndDeserialization.SerializationOfEmpDeatails" tests="1" failures="0" timestamp="2022-07-28T17:15:19 IST" time="0.130" errors="0">
  <testcase name="serialization" time="0.130" classname="SerializationAndDeserialization.SerializationOfEmpDeatails"/>
  <system-out/>
</testsuite> <!-- SerializationAndDeserialization.SerializationOfEmpDeatails -->
