<?xml version="1.0" encoding="UTF-8"?>
<!-- Generated by org.testng.reporters.JUnitReportReporter -->
<testsuite skipped="0" hostname="LAPTOP-KOAKE35K" name="basicCURDoperation.GetEmp" tests="1" failures="0" timestamp="2022-08-08T14:38:40 IST" time="1.224" errors="0">
  <testcase name="getEmp" time="1.224" classname="basicCURDoperation.GetEmp"/>
  <system-out/>
</testsuite> <!-- basicCURDoperation.GetEmp -->
