<?xml version="1.0" encoding="UTF-8"?>
<!-- Generated by org.testng.reporters.JUnitReportReporter -->
<testsuite skipped="0" hostname="LAPTOP-KOAKE35K" name="BasicOperationusingBDD.Get" tests="1" failures="0" timestamp="2022-08-08T17:37:58 IST" time="1.085" errors="0">
  <testcase name="get" time="1.085" classname="BasicOperationusingBDD.Get"/>
  <system-out/>
</testsuite> <!-- BasicOperationusingBDD.Get -->
