<?xml version="1.0" encoding="UTF-8"?>
<!-- Generated by org.testng.reporters.JUnitReportReporter -->
<testsuite skipped="0" hostname="LAPTOP-KOAKE35K" name="DifferentTypesOfValidation.DynamicValidation" tests="1" failures="0" timestamp="2022-08-09T23:01:14 IST" time="1.741" errors="0">
  <testcase name="dynamicVal" time="1.741" classname="DifferentTypesOfValidation.DynamicValidation"/>
  <system-out/>
</testsuite> <!-- DifferentTypesOfValidation.DynamicValidation -->
