<?xml version="1.0" encoding="UTF-8"?>
<!-- Generated by org.testng.reporters.JUnitReportReporter -->
<testsuite skipped="0" hostname="LAPTOP-KOAKE35K" name="basicCURDoperation.UpdateProject" tests="1" failures="0" timestamp="2022-08-07T22:25:01 IST" time="1.509" errors="0">
  <testcase name="update" time="1.509" classname="basicCURDoperation.UpdateProject"/>
  <system-out/>
</testsuite> <!-- basicCURDoperation.UpdateProject -->
